<?xml version="1.0" encoding="UTF-8"?>
<robot generator="Robot 4.1.2 (Python 3.10.0 on win32)" generated="20211126 00:02:46.308" rpa="false" schemaversion="2">
<suite id="s1" name="TestCase" source="c:\Users\t01484\Desktop\t01484\CURSOS\Prime Experts - Turma 4\Prime-Experts-Turma-4\Exercicio - 01\TestCase.robot">
<kw name="Acessar blog robotizandotestes" library="Resource" type="SETUP">
<kw name="Open Browser" library="SeleniumLibrary">
<arg>${URL}</arg>
<arg>${BROWSER}</arg>
<doc>Opens a new browser instance to the optional ``url``.</doc>
<msg timestamp="20211126 00:02:49.366" level="INFO">Opening browser 'firefox' to base url 'https://robotizandotestes.blogspot.com.br/'.</msg>
<msg timestamp="20211126 00:02:49.391" level="INFO">Firefox driver log is always forced to to: C:\Users\t01484\Desktop\t01484\CURSOS\Prime Experts - Turma 4\Prime-Experts-Turma-4\geckodriver-1.log</msg>
<status status="PASS" starttime="20211126 00:02:49.364" endtime="20211126 00:03:35.533"/>
</kw>
<kw name="Wait Until Element Is Visible" library="SeleniumLibrary">
<arg>${CABEÇALHO}</arg>
<doc>Waits until the element ``locator`` is visible.</doc>
<status status="PASS" starttime="20211126 00:03:35.537" endtime="20211126 00:03:35.783"/>
</kw>
<kw name="Title Should Be" library="SeleniumLibrary">
<arg>Robotizando Testes</arg>
<doc>Verifies that the current page title equals ``title``.</doc>
<msg timestamp="20211126 00:03:35.808" level="INFO">Page title is 'Robotizando Testes'.</msg>
<status status="PASS" starttime="20211126 00:03:35.786" endtime="20211126 00:03:35.810"/>
</kw>
<status status="PASS" starttime="20211126 00:02:49.361" endtime="20211126 00:03:35.813"/>
</kw>
<test id="s1-t1" name="Pesquisar Post Premiere">
<kw name="Validar pesquisa de postagens">
<arg>introdução</arg>
<arg>Season Premiere: Introdução ao Robot Framework</arg>
<kw name="Pesquisar a postagem pela palavra &quot;${BUSCA}&quot;" library="Resource" sourcename="Pesquisar a postagem pela palavra &quot;${BUSCA}&quot;">
<kw name="Click Element" library="SeleniumLibrary">
<arg>${BOTAO_LUPA}</arg>
<doc>Click the element identified by ``locator``.</doc>
<msg timestamp="20211126 00:03:35.837" level="INFO">Clicking element 'css=.search-expand.touch-icon-button'.</msg>
<status status="PASS" starttime="20211126 00:03:35.835" endtime="20211126 00:03:36.384"/>
</kw>
<kw name="Input Text" library="SeleniumLibrary">
<arg>${CAMPO_PESQUISAR}</arg>
<arg>${BUSCA}</arg>
<doc>Types the given ``text`` into the text field identified by ``locator``.</doc>
<msg timestamp="20211126 00:03:36.392" level="INFO">Typing text 'introdução' into text field 'css=.search-input&gt;input'.</msg>
<status status="PASS" starttime="20211126 00:03:36.386" endtime="20211126 00:03:36.553"/>
</kw>
<kw name="Click Element" library="SeleniumLibrary">
<arg>${BOTAO_PESQUISAR}</arg>
<doc>Click the element identified by ``locator``.</doc>
<msg timestamp="20211126 00:03:36.558" level="INFO">Clicking element 'css=.search-action.flat-button'.</msg>
<status status="PASS" starttime="20211126 00:03:36.555" endtime="20211126 00:03:39.712"/>
</kw>
<kw name="Wait Until Element Is Visible" library="SeleniumLibrary">
<arg>${LINK_POST}</arg>
<doc>Waits until the element ``locator`` is visible.</doc>
<status status="PASS" starttime="20211126 00:03:39.713" endtime="20211126 00:03:39.756"/>
</kw>
<status status="PASS" starttime="20211126 00:03:35.831" endtime="20211126 00:03:39.759"/>
</kw>
<kw name="Verificar resultado da pesquisa" library="Resource">
<arg>${TITULO_POSTAGEM}</arg>
<kw name="Page Should Contain" library="SeleniumLibrary">
<arg>${TITULO_POSTAGEM}</arg>
<doc>Verifies that current page contains ``text``.</doc>
<msg timestamp="20211126 00:03:39.810" level="INFO">Current page contains text 'Season Premiere: Introdução ao Robot Framework'.</msg>
<status status="PASS" starttime="20211126 00:03:39.765" endtime="20211126 00:03:39.811"/>
</kw>
<status status="PASS" starttime="20211126 00:03:39.761" endtime="20211126 00:03:39.813"/>
</kw>
<kw name="Clicar no post encontrado" library="Resource">
<kw name="Click Element" library="SeleniumLibrary">
<arg>${LINK_POST}</arg>
<doc>Click the element identified by ``locator``.</doc>
<msg timestamp="20211126 00:03:39.820" level="INFO">Clicking element 'xpath=.//*[@id='Blog1']/div[1]/article/div/div/h3/a'.</msg>
<status status="PASS" starttime="20211126 00:03:39.817" endtime="20211126 00:03:43.638"/>
</kw>
<status status="PASS" starttime="20211126 00:03:39.814" endtime="20211126 00:03:43.644"/>
</kw>
<kw name="Verificar tela da postagem" library="Resource">
<arg>${TITULO_POSTAGEM}</arg>
<kw name="Wait Until Element Is Visible" library="SeleniumLibrary">
<arg>${TITULO}</arg>
<doc>Waits until the element ``locator`` is visible.</doc>
<status status="PASS" starttime="20211126 00:03:43.663" endtime="20211126 00:03:43.761"/>
</kw>
<kw name="Title Should Be" library="SeleniumLibrary">
<arg>${TITULO_POSTAGEM}</arg>
<doc>Verifies that the current page title equals ``title``.</doc>
<kw name="Capture Page Screenshot" library="SeleniumLibrary">
<doc>Takes a screenshot of the current page and embeds it into a log file.</doc>
<msg timestamp="20211126 00:03:44.080" level="INFO" html="true">&lt;/td&gt;&lt;/tr&gt;&lt;tr&gt;&lt;td colspan="3"&gt;&lt;a href="selenium-screenshot-3.png"&gt;&lt;img src="selenium-screenshot-3.png" width="800px"&gt;&lt;/a&gt;</msg>
<status status="PASS" starttime="20211126 00:03:43.777" endtime="20211126 00:03:44.081"/>
</kw>
<msg timestamp="20211126 00:03:44.128" level="FAIL">Title should have been 'Season Premiere: Introdução ao Robot Framework' but was 'Season Running - Ep. 08: Executando seus testes no Docker'.</msg>
<status status="FAIL" starttime="20211126 00:03:43.764" endtime="20211126 00:03:44.129"/>
</kw>
<status status="FAIL" starttime="20211126 00:03:43.649" endtime="20211126 00:03:44.138"/>
</kw>
<status status="FAIL" starttime="20211126 00:03:35.825" endtime="20211126 00:03:44.144"/>
</kw>
<status status="FAIL" starttime="20211126 00:03:35.816" endtime="20211126 00:03:44.148">Title should have been 'Season Premiere: Introdução ao Robot Framework' but was 'Season Running - Ep. 08: Executando seus testes no Docker'.</status>
</test>
<test id="s1-t2" name="Pesquisar Post Editores Ep.01">
<kw name="Validar pesquisa de postagens">
<arg>visual code</arg>
<arg>Season Editores - Ep. 02: Visual Studio Code</arg>
<kw name="Pesquisar a postagem pela palavra &quot;${BUSCA}&quot;" library="Resource" sourcename="Pesquisar a postagem pela palavra &quot;${BUSCA}&quot;">
<kw name="Click Element" library="SeleniumLibrary">
<arg>${BOTAO_LUPA}</arg>
<doc>Click the element identified by ``locator``.</doc>
<msg timestamp="20211126 00:03:44.172" level="INFO">Clicking element 'css=.search-expand.touch-icon-button'.</msg>
<status status="PASS" starttime="20211126 00:03:44.169" endtime="20211126 00:03:44.415"/>
</kw>
<kw name="Input Text" library="SeleniumLibrary">
<arg>${CAMPO_PESQUISAR}</arg>
<arg>${BUSCA}</arg>
<doc>Types the given ``text`` into the text field identified by ``locator``.</doc>
<msg timestamp="20211126 00:03:44.419" level="INFO">Typing text 'visual code' into text field 'css=.search-input&gt;input'.</msg>
<status status="PASS" starttime="20211126 00:03:44.416" endtime="20211126 00:03:44.470"/>
</kw>
<kw name="Click Element" library="SeleniumLibrary">
<arg>${BOTAO_PESQUISAR}</arg>
<doc>Click the element identified by ``locator``.</doc>
<msg timestamp="20211126 00:03:44.474" level="INFO">Clicking element 'css=.search-action.flat-button'.</msg>
<status status="PASS" starttime="20211126 00:03:44.471" endtime="20211126 00:03:47.352"/>
</kw>
<kw name="Wait Until Element Is Visible" library="SeleniumLibrary">
<arg>${LINK_POST}</arg>
<doc>Waits until the element ``locator`` is visible.</doc>
<status status="PASS" starttime="20211126 00:03:47.353" endtime="20211126 00:03:47.413"/>
</kw>
<status status="PASS" starttime="20211126 00:03:44.166" endtime="20211126 00:03:47.415"/>
</kw>
<kw name="Verificar resultado da pesquisa" library="Resource">
<arg>${TITULO_POSTAGEM}</arg>
<kw name="Page Should Contain" library="SeleniumLibrary">
<arg>${TITULO_POSTAGEM}</arg>
<doc>Verifies that current page contains ``text``.</doc>
<msg timestamp="20211126 00:03:47.449" level="INFO">Current page contains text 'Season Editores - Ep. 02: Visual Studio Code'.</msg>
<status status="PASS" starttime="20211126 00:03:47.420" endtime="20211126 00:03:47.450"/>
</kw>
<status status="PASS" starttime="20211126 00:03:47.416" endtime="20211126 00:03:47.452"/>
</kw>
<kw name="Clicar no post encontrado" library="Resource">
<kw name="Click Element" library="SeleniumLibrary">
<arg>${LINK_POST}</arg>
<doc>Click the element identified by ``locator``.</doc>
<msg timestamp="20211126 00:03:47.459" level="INFO">Clicking element 'xpath=.//*[@id='Blog1']/div[1]/article/div/div/h3/a'.</msg>
<status status="PASS" starttime="20211126 00:03:47.456" endtime="20211126 00:03:50.660"/>
</kw>
<status status="PASS" starttime="20211126 00:03:47.453" endtime="20211126 00:03:50.661"/>
</kw>
<kw name="Verificar tela da postagem" library="Resource">
<arg>${TITULO_POSTAGEM}</arg>
<kw name="Wait Until Element Is Visible" library="SeleniumLibrary">
<arg>${TITULO}</arg>
<doc>Waits until the element ``locator`` is visible.</doc>
<status status="PASS" starttime="20211126 00:03:50.665" endtime="20211126 00:03:50.720"/>
</kw>
<kw name="Title Should Be" library="SeleniumLibrary">
<arg>${TITULO_POSTAGEM}</arg>
<doc>Verifies that the current page title equals ``title``.</doc>
<kw name="Capture Page Screenshot" library="SeleniumLibrary">
<doc>Takes a screenshot of the current page and embeds it into a log file.</doc>
<msg timestamp="20211126 00:03:50.822" level="INFO" html="true">&lt;/td&gt;&lt;/tr&gt;&lt;tr&gt;&lt;td colspan="3"&gt;&lt;a href="selenium-screenshot-4.png"&gt;&lt;img src="selenium-screenshot-4.png" width="800px"&gt;&lt;/a&gt;</msg>
<status status="PASS" starttime="20211126 00:03:50.730" endtime="20211126 00:03:50.823"/>
</kw>
<msg timestamp="20211126 00:03:50.827" level="FAIL">Title should have been 'Season Editores - Ep. 02: Visual Studio Code' but was 'Season Editores - Ep. 02: Visual Studio Code - Configurando o VS Code para o Robot Framework'.</msg>
<status status="FAIL" starttime="20211126 00:03:50.721" endtime="20211126 00:03:50.827"/>
</kw>
<status status="FAIL" starttime="20211126 00:03:50.662" endtime="20211126 00:03:50.836"/>
</kw>
<status status="FAIL" starttime="20211126 00:03:44.161" endtime="20211126 00:03:50.843"/>
</kw>
<status status="FAIL" starttime="20211126 00:03:44.156" endtime="20211126 00:03:50.847">Title should have been 'Season Editores - Ep. 02: Visual Studio Code' but was 'Season Editores - Ep. 02: Visual Studio Code - Configurando o VS Code para o Robot Framework'.</status>
</test>
<test id="s1-t3" name="Pesquisar Post Tutoriais Ep.01">
<kw name="Validar pesquisa de postagens">
<arg>windows</arg>
<arg>Season Tutoriais - Ep. 01: Instalando o Robot Framework (Windows)</arg>
<kw name="Pesquisar a postagem pela palavra &quot;${BUSCA}&quot;" library="Resource" sourcename="Pesquisar a postagem pela palavra &quot;${BUSCA}&quot;">
<kw name="Click Element" library="SeleniumLibrary">
<arg>${BOTAO_LUPA}</arg>
<doc>Click the element identified by ``locator``.</doc>
<msg timestamp="20211126 00:03:50.871" level="INFO">Clicking element 'css=.search-expand.touch-icon-button'.</msg>
<status status="PASS" starttime="20211126 00:03:50.869" endtime="20211126 00:03:51.121"/>
</kw>
<kw name="Input Text" library="SeleniumLibrary">
<arg>${CAMPO_PESQUISAR}</arg>
<arg>${BUSCA}</arg>
<doc>Types the given ``text`` into the text field identified by ``locator``.</doc>
<msg timestamp="20211126 00:03:51.134" level="INFO">Typing text 'windows' into text field 'css=.search-input&gt;input'.</msg>
<status status="PASS" starttime="20211126 00:03:51.126" endtime="20211126 00:03:51.253"/>
</kw>
<kw name="Click Element" library="SeleniumLibrary">
<arg>${BOTAO_PESQUISAR}</arg>
<doc>Click the element identified by ``locator``.</doc>
<msg timestamp="20211126 00:03:51.266" level="INFO">Clicking element 'css=.search-action.flat-button'.</msg>
<status status="PASS" starttime="20211126 00:03:51.258" endtime="20211126 00:03:53.981"/>
</kw>
<kw name="Wait Until Element Is Visible" library="SeleniumLibrary">
<arg>${LINK_POST}</arg>
<doc>Waits until the element ``locator`` is visible.</doc>
<status status="PASS" starttime="20211126 00:03:53.983" endtime="20211126 00:03:54.086"/>
</kw>
<status status="PASS" starttime="20211126 00:03:50.864" endtime="20211126 00:03:54.088"/>
</kw>
<kw name="Verificar resultado da pesquisa" library="Resource">
<arg>${TITULO_POSTAGEM}</arg>
<kw name="Page Should Contain" library="SeleniumLibrary">
<arg>${TITULO_POSTAGEM}</arg>
<doc>Verifies that current page contains ``text``.</doc>
<msg timestamp="20211126 00:03:54.134" level="INFO">Current page contains text 'Season Tutoriais - Ep. 01: Instalando o Robot Framework (Windows)'.</msg>
<status status="PASS" starttime="20211126 00:03:54.095" endtime="20211126 00:03:54.135"/>
</kw>
<status status="PASS" starttime="20211126 00:03:54.090" endtime="20211126 00:03:54.137"/>
</kw>
<kw name="Clicar no post encontrado" library="Resource">
<kw name="Click Element" library="SeleniumLibrary">
<arg>${LINK_POST}</arg>
<doc>Click the element identified by ``locator``.</doc>
<msg timestamp="20211126 00:03:54.147" level="INFO">Clicking element 'xpath=.//*[@id='Blog1']/div[1]/article/div/div/h3/a'.</msg>
<status status="PASS" starttime="20211126 00:03:54.143" endtime="20211126 00:03:56.770"/>
</kw>
<status status="PASS" starttime="20211126 00:03:54.140" endtime="20211126 00:03:56.772"/>
</kw>
<kw name="Verificar tela da postagem" library="Resource">
<arg>${TITULO_POSTAGEM}</arg>
<kw name="Wait Until Element Is Visible" library="SeleniumLibrary">
<arg>${TITULO}</arg>
<doc>Waits until the element ``locator`` is visible.</doc>
<status status="PASS" starttime="20211126 00:03:56.775" endtime="20211126 00:03:56.848"/>
</kw>
<kw name="Title Should Be" library="SeleniumLibrary">
<arg>${TITULO_POSTAGEM}</arg>
<doc>Verifies that the current page title equals ``title``.</doc>
<kw name="Capture Page Screenshot" library="SeleniumLibrary">
<doc>Takes a screenshot of the current page and embeds it into a log file.</doc>
<msg timestamp="20211126 00:03:56.921" level="INFO" html="true">&lt;/td&gt;&lt;/tr&gt;&lt;tr&gt;&lt;td colspan="3"&gt;&lt;a href="selenium-screenshot-5.png"&gt;&lt;img src="selenium-screenshot-5.png" width="800px"&gt;&lt;/a&gt;</msg>
<status status="PASS" starttime="20211126 00:03:56.853" endtime="20211126 00:03:56.921"/>
</kw>
<msg timestamp="20211126 00:03:56.927" level="FAIL">Title should have been 'Season Tutoriais - Ep. 01: Instalando o Robot Framework (Windows)' but was 'Season Mobile com Appium - Ep.01: Instalação Windows'.</msg>
<status status="FAIL" starttime="20211126 00:03:56.849" endtime="20211126 00:03:56.927"/>
</kw>
<status status="FAIL" starttime="20211126 00:03:56.772" endtime="20211126 00:03:56.937"/>
</kw>
<status status="FAIL" starttime="20211126 00:03:50.860" endtime="20211126 00:03:56.944"/>
</kw>
<status status="FAIL" starttime="20211126 00:03:50.854" endtime="20211126 00:03:56.948">Title should have been 'Season Tutoriais - Ep. 01: Instalando o Robot Framework (Windows)' but was 'Season Mobile com Appium - Ep.01: Instalação Windows'.</status>
</test>
<kw name="Fechar Navegador" library="Resource" type="TEARDOWN">
<kw name="Close Browser" library="SeleniumLibrary">
<doc>Closes the current browser.</doc>
<status status="PASS" starttime="20211126 00:03:56.963" endtime="20211126 00:03:59.001"/>
</kw>
<status status="PASS" starttime="20211126 00:03:56.959" endtime="20211126 00:03:59.001"/>
</kw>
<status status="FAIL" starttime="20211126 00:02:46.318" endtime="20211126 00:03:59.002"/>
</suite>
<statistics>
<total>
<stat pass="0" fail="3" skip="0">All Tests</stat>
</total>
<tag>
</tag>
<suite>
<stat pass="0" fail="3" skip="0" id="s1" name="TestCase">TestCase</stat>
</suite>
</statistics>
<errors>
</errors>
</robot>
